<?xml version="1.0" encoding="UTF-8"?>
<!-- Generated by org.testng.reporters.JUnitReportReporter -->
<testsuite hostname="Laptop-PR-15" failures="0" tests="6" name="runnerClass.RunnerClass" time="22.852" errors="0" timestamp="2022-08-12T21:54:13 IST" skipped="0">
  <testcase classname="runnerClass.RunnerClass" name="runScenario" time="8.877"/>
  <system-out/>
  <testcase classname="runnerClass.RunnerClass" name="runScenario" time="3.433"/>
  <system-out/>
  <testcase classname="runnerClass.RunnerClass" name="runScenario" time="0.506"/>
  <system-out/>
  <testcase classname="runnerClass.RunnerClass" name="runScenario" time="3.079"/>
  <system-out/>
  <testcase classname="runnerClass.RunnerClass" name="runScenario" time="6.135"/>
  <system-out/>
  <testcase classname="runnerClass.RunnerClass" name="runScenario" time="0.822"/>
  <system-out/>
</testsuite> <!-- runnerClass.RunnerClass -->
